app/build/outputs/logs/manifest-merger-debug-report.txt
-- Merging decision tree log ---
manifest
ADDED from AndroidManifest.xml:3:1
	package
		ADDED from AndroidManifest.xml:4:5
		INJECTED from AndroidManifest.xml:0:0
		INJECTED from AndroidManifest.xml:0:0
	android:versionName
		ADDED from AndroidManifest.xml:6:5
		INJECTED from AndroidManifest.xml:0:0
		INJECTED from AndroidManifest.xml:0:0
	android:versionCode
		ADDED from AndroidManifest.xml:5:5
		INJECTED from AndroidManifest.xml:0:0
		INJECTED from AndroidManifest.xml:0:0
	xmlns:android
		ADDED from AndroidManifest.xml:3:11
uses-sdk
ADDED from AndroidManifest.xml:8:5
MERGED from com.android.support:multidex:1.0.0:18:5
MERGED from SYL-backup-12-oct-2015.libs:library1:1.0:7:5
MERGED from com.android.support:support-v4:22.0.0:20:5
MERGED from com.actionbarsherlock:actionbarsherlock:4.4.0:3:3
MERGED from com.makeramen:roundedimageview:1.0.0:7:5
MERGED from com.google.android.gms:play-services:7.3.0:18:5
MERGED from com.google.android.gms:play-services-ads:7.3.0:18:5
MERGED from com.google.android.gms:play-services-base:7.3.0:18:5
MERGED from com.android.support:support-v4:22.0.0:20:5
MERGED from com.google.android.gms:play-services-analytics:7.3.0:18:5
MERGED from com.google.android.gms:play-services-base:7.3.0:18:5
MERGED from com.android.support:support-v4:22.0.0:20:5
MERGED from com.google.android.gms:play-services-analytics:7.3.0:18:5
MERGED from com.google.android.gms:play-services-base:7.3.0:18:5
MERGED from com.android.support:support-v4:22.0.0:20:5
MERGED from com.google.android.gms:play-services-appindexing:7.3.0:18:5
MERGED from com.google.android.gms:play-services-base:7.3.0:18:5
MERGED from com.android.support:support-v4:22.0.0:20:5
MERGED from com.google.android.gms:play-services-appinvite:7.3.0:18:5
MERGED from com.google.android.gms:play-services-base:7.3.0:18:5
MERGED from com.android.support:support-v4:22.0.0:20:5
MERGED from com.google.android.gms:play-services-appstate:7.3.0:18:5
MERGED from com.google.android.gms:play-services-base:7.3.0:18:5
MERGED from com.android.support:support-v4:22.0.0:20:5
MERGED from com.google.android.gms:play-services-base:7.3.0:18:5
MERGED from com.android.support:support-v4:22.0.0:20:5
MERGED from com.google.android.gms:play-services-cast:7.3.0:18:5
MERGED from com.google.android.gms:play-services-base:7.3.0:18:5
MERGED from com.android.support:support-v4:22.0.0:20:5
MERGED from com.google.android.gms:play-services-drive:7.3.0:18:5
MERGED from com.google.android.gms:play-services-base:7.3.0:18:5
MERGED from com.android.support:support-v4:22.0.0:20:5
MERGED from com.google.android.gms:play-services-fitness:7.3.0:18:5
MERGED from com.google.android.gms:play-services-base:7.3.0:18:5
MERGED from com.android.support:support-v4:22.0.0:20:5
MERGED from com.google.android.gms:play-services-location:7.3.0:18:5
MERGED from com.google.android.gms:play-services-base:7.3.0:18:5
MERGED from com.android.support:support-v4:22.0.0:20:5
MERGED from com.google.android.gms:play-services-maps:7.3.0:18:5
MERGED from com.google.android.gms:play-services-base:7.3.0:18:5
MERGED from com.android.support:support-v4:22.0.0:20:5
MERGED from com.google.android.gms:play-services-games:7.3.0:18:5
MERGED from com.google.android.gms:play-services-base:7.3.0:18:5
MERGED from com.android.support:support-v4:22.0.0:20:5
MERGED from com.google.android.gms:play-services-drive:7.3.0:18:5
MERGED from com.google.android.gms:play-services-base:7.3.0:18:5
MERGED from com.android.support:support-v4:22.0.0:20:5
MERGED from com.google.android.gms:play-services-gcm:7.3.0:18:5
MERGED from com.google.android.gms:play-services-base:7.3.0:18:5
MERGED from com.android.support:support-v4:22.0.0:20:5
MERGED from com.google.android.gms:play-services-identity:7.3.0:18:5
MERGED from com.google.android.gms:play-services-base:7.3.0:18:5
MERGED from com.android.support:support-v4:22.0.0:20:5
MERGED from com.google.android.gms:play-services-location:7.3.0:18:5
MERGED from com.google.android.gms:play-services-base:7.3.0:18:5
MERGED from com.android.support:support-v4:22.0.0:20:5
MERGED from com.google.android.gms:play-services-maps:7.3.0:18:5
MERGED from com.google.android.gms:play-services-base:7.3.0:18:5
MERGED from com.android.support:support-v4:22.0.0:20:5
MERGED from com.google.android.gms:play-services-maps:7.3.0:18:5
MERGED from com.google.android.gms:play-services-base:7.3.0:18:5
MERGED from com.android.support:support-v4:22.0.0:20:5
MERGED from com.google.android.gms:play-services-nearby:7.3.0:18:5
MERGED from com.google.android.gms:play-services-base:7.3.0:18:5
MERGED from com.android.support:support-v4:22.0.0:20:5
MERGED from com.google.android.gms:play-services-panorama:7.3.0:18:5
MERGED from com.google.android.gms:play-services-base:7.3.0:18:5
MERGED from com.android.support:support-v4:22.0.0:20:5
MERGED from com.google.android.gms:play-services-plus:7.3.0:18:5
MERGED from com.google.android.gms:play-services-base:7.3.0:18:5
MERGED from com.android.support:support-v4:22.0.0:20:5
MERGED from com.google.android.gms:play-services-safetynet:7.3.0:18:5
MERGED from com.google.android.gms:play-services-base:7.3.0:18:5
MERGED from com.android.support:support-v4:22.0.0:20:5
MERGED from com.google.android.gms:play-services-wallet:7.3.0:18:5
MERGED from com.google.android.gms:play-services-base:7.3.0:18:5
MERGED from com.android.support:support-v4:22.0.0:20:5
MERGED from com.google.android.gms:play-services-identity:7.3.0:18:5
MERGED from com.google.android.gms:play-services-base:7.3.0:18:5
MERGED from com.android.support:support-v4:22.0.0:20:5
MERGED from com.google.android.gms:play-services-maps:7.3.0:18:5
MERGED from com.google.android.gms:play-services-base:7.3.0:18:5
MERGED from com.android.support:support-v4:22.0.0:20:5
MERGED from com.google.android.gms:play-services-wearable:7.3.0:18:5
MERGED from com.google.android.gms:play-services-base:7.3.0:18:5
MERGED from com.android.support:support-v4:22.0.0:20:5
MERGED from com.crashlytics.sdk.android:crashlytics:2.5.2:7:5
MERGED from com.crashlytics.sdk.android:answers:1.3.2:7:5
MERGED from io.fabric.sdk.android:fabric:1.3.6:23:5
MERGED from io.fabric.sdk.android:fabric:1.3.6:23:5
MERGED from com.crashlytics.sdk.android:crashlytics-core:2.3.5:7:5
MERGED from com.crashlytics.sdk.android:answers:1.3.2:7:5
MERGED from io.fabric.sdk.android:fabric:1.3.6:23:5
MERGED from io.fabric.sdk.android:fabric:1.3.6:23:5
MERGED from com.crashlytics.sdk.android:beta:1.1.3:7:5
MERGED from com.facebook.android:facebook-android-sdk:4.1.1:24:5
MERGED from com.android.support:support-v4:22.0.0:20:5
	android:targetSdkVersion
		ADDED from AndroidManifest.xml:10:9
		INJECTED from AndroidManifest.xml:0:0
		INJECTED from AndroidManifest.xml:0:0
	android:minSdkVersion
		ADDED from AndroidManifest.xml:9:9
		INJECTED from AndroidManifest.xml:0:0
		INJECTED from AndroidManifest.xml:0:0
uses-permission#android.permission.INTERNET
ADDED from AndroidManifest.xml:12:5
MERGED from com.crashlytics.sdk.android:crashlytics:2.5.2:9:5
MERGED from com.crashlytics.sdk.android:answers:1.3.2:9:5
MERGED from io.fabric.sdk.android:fabric:1.3.6:25:5
MERGED from io.fabric.sdk.android:fabric:1.3.6:25:5
MERGED from com.crashlytics.sdk.android:crashlytics-core:2.3.5:9:5
MERGED from com.crashlytics.sdk.android:answers:1.3.2:9:5
MERGED from io.fabric.sdk.android:fabric:1.3.6:25:5
MERGED from io.fabric.sdk.android:fabric:1.3.6:25:5
	android:name
		ADDED from AndroidManifest.xml:12:22
uses-permission#android.permission.WAKE_LOCK
ADDED from AndroidManifest.xml:13:5
	android:name
		ADDED from AndroidManifest.xml:13:22
uses-permission#android.permission.READ_EXTERNAL_STORAGE
ADDED from AndroidManifest.xml:14:5
	android:name
		ADDED from AndroidManifest.xml:14:22
uses-permission#android.permission.READ_PHONE_STATE
ADDED from AndroidManifest.xml:15:5
	android:name
		ADDED from AndroidManifest.xml:15:22
uses-permission#android.permission.GET_ACCOUNTS
ADDED from AndroidManifest.xml:16:5
	android:name
		ADDED from AndroidManifest.xml:16:22
uses-permission#android.permission.USE_CREDENTIALS
ADDED from AndroidManifest.xml:17:5
	android:name
		ADDED from AndroidManifest.xml:17:22
uses-permission#android.permission.WRITE_EXTERNAL_STORAGE
ADDED from AndroidManifest.xml:18:5
	android:name
		ADDED from AndroidManifest.xml:18:22
uses-permission#android.permission.READ_CONTACTS
ADDED from AndroidManifest.xml:20:5
	android:name
		ADDED from AndroidManifest.xml:20:22
uses-permission#android.permission.ACCESS_NETWORK_STATE
ADDED from AndroidManifest.xml:21:5
	android:name
		ADDED from AndroidManifest.xml:21:22
uses-permission#android.permission.NETWORK
ADDED from AndroidManifest.xml:22:5
	android:name
		ADDED from AndroidManifest.xml:22:22
uses-permission#android.permission.CALL_PHONE
ADDED from AndroidManifest.xml:25:5
	android:name
		ADDED from AndroidManifest.xml:25:22
uses-permission#com.google.android.c2dm.permission.RECEIVE
ADDED from AndroidManifest.xml:26:5
	android:name
		ADDED from AndroidManifest.xml:26:22
uses-permission#android.permission.RECORD_AUDIO
ADDED from AndroidManifest.xml:27:5
	android:name
		ADDED from AndroidManifest.xml:27:22
uses-permission#android.permission.MODIFY_AUDIO_SETTINGS
ADDED from AndroidManifest.xml:28:5
	android:name
		ADDED from AndroidManifest.xml:28:22
uses-permission#android.permission.INTERACT_ACROSS_USERS_FULL
ADDED from AndroidManifest.xml:29:5
	android:name
		ADDED from AndroidManifest.xml:29:22
uses-feature#android.hardware.camera
ADDED from AndroidManifest.xml:30:5
	android:name
		ADDED from AndroidManifest.xml:30:19
uses-feature#android.hardware.camera.autofocus
ADDED from AndroidManifest.xml:31:5
	android:name
		ADDED from AndroidManifest.xml:31:19
uses-permission#android.permission.CAMERA
ADDED from AndroidManifest.xml:33:5
	android:name
		ADDED from AndroidManifest.xml:33:22
uses-permission#android.permission.READ_CALENDAR
ADDED from AndroidManifest.xml:34:5
	android:name
		ADDED from AndroidManifest.xml:34:22
uses-permission#android.permission.WRITE_CALENDAR
ADDED from AndroidManifest.xml:35:5
	android:name
		ADDED from AndroidManifest.xml:35:22
permission#com.webcamconsult.syl.permission.C2D_MESSAGE
ADDED from AndroidManifest.xml:37:5
	android:protectionLevel
		ADDED from AndroidManifest.xml:39:9
	android:name
		ADDED from AndroidManifest.xml:38:9
uses-permission#com.webcamconsult.syl.permission.C2D_MESSAGE
ADDED from AndroidManifest.xml:41:5
	android:name
		ADDED from AndroidManifest.xml:41:22
uses-permission#com.google.android.providers.gsf.permission.READ_GSERVICES
ADDED from AndroidManifest.xml:42:5
	android:name
		ADDED from AndroidManifest.xml:42:22
uses-permission#android.permission.ACCESS_COARSE_LOCATION
ADDED from AndroidManifest.xml:47:5
	android:name
		ADDED from AndroidManifest.xml:47:22
uses-permission#android.permission.ACCESS_FINE_LOCATION
ADDED from AndroidManifest.xml:48:5
	android:name
		ADDED from AndroidManifest.xml:48:22
application
ADDED from AndroidManifest.xml:50:5
MERGED from com.android.support:support-v4:22.0.0:22:5
MERGED from com.actionbarsherlock:actionbarsherlock:4.4.0:4:3
MERGED from com.google.android.gms:play-services:7.3.0:19:5
MERGED from com.google.android.gms:play-services-ads:7.3.0:19:5
MERGED from com.google.android.gms:play-services-base:7.3.0:20:5
MERGED from com.android.support:support-v4:22.0.0:22:5
MERGED from com.google.android.gms:play-services-analytics:7.3.0:19:5
MERGED from com.google.android.gms:play-services-base:7.3.0:20:5
MERGED from com.android.support:support-v4:22.0.0:22:5
MERGED from com.google.android.gms:play-services-analytics:7.3.0:19:5
MERGED from com.google.android.gms:play-services-base:7.3.0:20:5
MERGED from com.android.support:support-v4:22.0.0:22:5
MERGED from com.google.android.gms:play-services-appindexing:7.3.0:19:5
MERGED from com.google.android.gms:play-services-base:7.3.0:20:5
MERGED from com.android.support:support-v4:22.0.0:22:5
MERGED from com.google.android.gms:play-services-appinvite:7.3.0:19:5
MERGED from com.google.android.gms:play-services-base:7.3.0:20:5
MERGED from com.android.support:support-v4:22.0.0:22:5
MERGED from com.google.android.gms:play-services-appstate:7.3.0:19:5
MERGED from com.google.android.gms:play-services-base:7.3.0:20:5
MERGED from com.android.support:support-v4:22.0.0:22:5
MERGED from com.google.android.gms:play-services-base:7.3.0:20:5
MERGED from com.android.support:support-v4:22.0.0:22:5
MERGED from com.google.android.gms:play-services-cast:7.3.0:19:5
MERGED from com.google.android.gms:play-services-base:7.3.0:20:5
MERGED from com.android.support:support-v4:22.0.0:22:5
MERGED from com.google.android.gms:play-services-drive:7.3.0:19:5
MERGED from com.google.android.gms:play-services-base:7.3.0:20:5
MERGED from com.android.support:support-v4:22.0.0:22:5
MERGED from com.google.android.gms:play-services-fitness:7.3.0:19:5
MERGED from com.google.android.gms:play-services-base:7.3.0:20:5
MERGED from com.android.support:support-v4:22.0.0:22:5
MERGED from com.google.android.gms:play-services-location:7.3.0:19:5
MERGED from com.google.android.gms:play-services-base:7.3.0:20:5
MERGED from com.android.support:support-v4:22.0.0:22:5
MERGED from com.google.android.gms:play-services-maps:7.3.0:19:5
MERGED from com.google.android.gms:play-services-base:7.3.0:20:5
MERGED from com.android.support:support-v4:22.0.0:22:5
MERGED from com.google.android.gms:play-services-games:7.3.0:19:5
MERGED from com.google.android.gms:play-services-base:7.3.0:20:5
MERGED from com.android.support:support-v4:22.0.0:22:5
MERGED from com.google.android.gms:play-services-drive:7.3.0:19:5
MERGED from com.google.android.gms:play-services-base:7.3.0:20:5
MERGED from com.android.support:support-v4:22.0.0:22:5
MERGED from com.google.android.gms:play-services-gcm:7.3.0:19:5
MERGED from com.google.android.gms:play-services-base:7.3.0:20:5
MERGED from com.android.support:support-v4:22.0.0:22:5
MERGED from com.google.android.gms:play-services-identity:7.3.0:19:5
MERGED from com.google.android.gms:play-services-base:7.3.0:20:5
MERGED from com.android.support:support-v4:22.0.0:22:5
MERGED from com.google.android.gms:play-services-location:7.3.0:19:5
MERGED from com.google.android.gms:play-services-base:7.3.0:20:5
MERGED from com.android.support:support-v4:22.0.0:22:5
MERGED from com.google.android.gms:play-services-maps:7.3.0:19:5
MERGED from com.google.android.gms:play-services-base:7.3.0:20:5
MERGED from com.android.support:support-v4:22.0.0:22:5
MERGED from com.google.android.gms:play-services-maps:7.3.0:19:5
MERGED from com.google.android.gms:play-services-base:7.3.0:20:5
MERGED from com.android.support:support-v4:22.0.0:22:5
MERGED from com.google.android.gms:play-services-nearby:7.3.0:19:5
MERGED from com.google.android.gms:play-services-base:7.3.0:20:5
MERGED from com.android.support:support-v4:22.0.0:22:5
MERGED from com.google.android.gms:play-services-panorama:7.3.0:19:5
MERGED from com.google.android.gms:play-services-base:7.3.0:20:5
MERGED from com.android.support:support-v4:22.0.0:22:5
MERGED from com.google.android.gms:play-services-plus:7.3.0:19:5
MERGED from com.google.android.gms:play-services-base:7.3.0:20:5
MERGED from com.android.support:support-v4:22.0.0:22:5
MERGED from com.google.android.gms:play-services-safetynet:7.3.0:19:5
MERGED from com.google.android.gms:play-services-base:7.3.0:20:5
MERGED from com.android.support:support-v4:22.0.0:22:5
MERGED from com.google.android.gms:play-services-wallet:7.3.0:19:5
MERGED from com.google.android.gms:play-services-base:7.3.0:20:5
MERGED from com.android.support:support-v4:22.0.0:22:5
MERGED from com.google.android.gms:play-services-identity:7.3.0:19:5
MERGED from com.google.android.gms:play-services-base:7.3.0:20:5
MERGED from com.android.support:support-v4:22.0.0:22:5
MERGED from com.google.android.gms:play-services-maps:7.3.0:19:5
MERGED from com.google.android.gms:play-services-base:7.3.0:20:5
MERGED from com.android.support:support-v4:22.0.0:22:5
MERGED from com.google.android.gms:play-services-wearable:7.3.0:19:5
MERGED from com.google.android.gms:play-services-base:7.3.0:20:5
MERGED from com.android.support:support-v4:22.0.0:22:5
MERGED from com.crashlytics.sdk.android:crashlytics:2.5.2:11:5
MERGED from com.crashlytics.sdk.android:answers:1.3.2:11:5
MERGED from io.fabric.sdk.android:fabric:1.3.6:27:5
MERGED from io.fabric.sdk.android:fabric:1.3.6:27:5
MERGED from com.crashlytics.sdk.android:crashlytics-core:2.3.5:11:5
MERGED from com.crashlytics.sdk.android:answers:1.3.2:11:5
MERGED from io.fabric.sdk.android:fabric:1.3.6:27:5
MERGED from io.fabric.sdk.android:fabric:1.3.6:27:5
MERGED from com.crashlytics.sdk.android:beta:1.1.3:9:5
MERGED from com.facebook.android:facebook-android-sdk:4.1.1:28:5
MERGED from com.android.support:support-v4:22.0.0:22:5
	android:label
		ADDED from AndroidManifest.xml:53:9
	android:allowBackup
		ADDED from AndroidManifest.xml:51:9
	android:icon
		ADDED from AndroidManifest.xml:52:9
	android:largeHeap
		ADDED from AndroidManifest.xml:54:9
	android:name
		ADDED from AndroidManifest.xml:55:9
meta-data#com.google.android.gms.version
ADDED from AndroidManifest.xml:56:9
MERGED from com.google.android.gms:play-services-base:7.3.0:21:9
MERGED from com.google.android.gms:play-services-base:7.3.0:21:9
MERGED from com.google.android.gms:play-services-base:7.3.0:21:9
MERGED from com.google.android.gms:play-services-base:7.3.0:21:9
MERGED from com.google.android.gms:play-services-base:7.3.0:21:9
MERGED from com.google.android.gms:play-services-base:7.3.0:21:9
MERGED from com.google.android.gms:play-services-base:7.3.0:21:9
MERGED from com.google.android.gms:play-services-base:7.3.0:21:9
MERGED from com.google.android.gms:play-services-base:7.3.0:21:9
MERGED from com.google.android.gms:play-services-base:7.3.0:21:9
MERGED from com.google.android.gms:play-services-base:7.3.0:21:9
MERGED from com.google.android.gms:play-services-base:7.3.0:21:9
MERGED from com.google.android.gms:play-services-base:7.3.0:21:9
MERGED from com.google.android.gms:play-services-base:7.3.0:21:9
MERGED from com.google.android.gms:play-services-base:7.3.0:21:9
MERGED from com.google.android.gms:play-services-base:7.3.0:21:9
MERGED from com.google.android.gms:play-services-base:7.3.0:21:9
MERGED from com.google.android.gms:play-services-base:7.3.0:21:9
MERGED from com.google.android.gms:play-services-base:7.3.0:21:9
MERGED from com.google.android.gms:play-services-base:7.3.0:21:9
MERGED from com.google.android.gms:play-services-base:7.3.0:21:9
MERGED from com.google.android.gms:play-services-base:7.3.0:21:9
MERGED from com.google.android.gms:play-services-base:7.3.0:21:9
MERGED from com.google.android.gms:play-services-base:7.3.0:21:9
MERGED from com.google.android.gms:play-services-base:7.3.0:21:9
MERGED from com.google.android.gms:play-services-base:7.3.0:21:9
MERGED from com.google.android.gms:play-services-base:7.3.0:21:9
	android:value
		ADDED from AndroidManifest.xml:58:13
	android:name
		ADDED from AndroidManifest.xml:57:13
activity#com.webcamconsult.syl.activities.SYLSplashScreenActivity
ADDED from AndroidManifest.xml:60:9
	android:label
		ADDED from AndroidManifest.xml:62:13
	android:theme
		ADDED from AndroidManifest.xml:63:13
	android:name
		ADDED from AndroidManifest.xml:61:13
intent-filter#android.intent.action.VIEW+android.intent.category.BROWSABLE+android.intent.category.DEFAULT
ADDED from AndroidManifest.xml:64:13
action#android.intent.action.VIEW
ADDED from AndroidManifest.xml:65:17
	android:name
		ADDED from AndroidManifest.xml:65:25
category#android.intent.category.DEFAULT
ADDED from AndroidManifest.xml:67:17
	android:name
		ADDED from AndroidManifest.xml:67:27
category#android.intent.category.BROWSABLE
ADDED from AndroidManifest.xml:68:17
	android:name
		ADDED from AndroidManifest.xml:68:27
data
ADDED from AndroidManifest.xml:70:17
	android:scheme
		ADDED from AndroidManifest.xml:70:23
intent-filter#android.intent.action.MAIN+android.intent.category.LAUNCHER
ADDED from AndroidManifest.xml:72:13
action#android.intent.action.MAIN
ADDED from AndroidManifest.xml:73:17
	android:name
		ADDED from AndroidManifest.xml:73:25
category#android.intent.category.LAUNCHER
ADDED from AndroidManifest.xml:75:17
	android:name
		ADDED from AndroidManifest.xml:75:27
activity#com.webcamconsult.syl.activities.SYLFragmentChangeActivity
ADDED from AndroidManifest.xml:78:9
	android:windowSoftInputMode
		ADDED from AndroidManifest.xml:83:13
	android:configChanges
		ADDED from AndroidManifest.xml:80:13
	android:theme
		ADDED from AndroidManifest.xml:81:13
	android:name
		ADDED from AndroidManifest.xml:79:13
activity#com.webcamconsult.syl.activities.SYLBaseActivity
ADDED from AndroidManifest.xml:86:9
	android:configChanges
		ADDED from AndroidManifest.xml:88:13
	android:theme
		ADDED from AndroidManifest.xml:89:13
	android:name
		ADDED from AndroidManifest.xml:87:13
activity#com.webcamconsult.syl.activities.SYLSigninActivity
ADDED from AndroidManifest.xml:90:9
	android:theme
		ADDED from AndroidManifest.xml:92:13
	android:name
		ADDED from AndroidManifest.xml:91:13
activity#com.webcamconsult.syl.activities.SYLSignupActivity
ADDED from AndroidManifest.xml:94:9
	android:theme
		ADDED from AndroidManifest.xml:96:13
	android:name
		ADDED from AndroidManifest.xml:95:13
activity#com.webcamconsult.syl.activities.SYLVerificationCodeActivity
ADDED from AndroidManifest.xml:97:9
	android:theme
		ADDED from AndroidManifest.xml:99:13
	android:name
		ADDED from AndroidManifest.xml:98:13
activity#com.webcamconsult.syl.activities.SYLForgotpasswordActivity
ADDED from AndroidManifest.xml:100:9
	android:theme
		ADDED from AndroidManifest.xml:102:13
	android:name
		ADDED from AndroidManifest.xml:101:13
activity#com.webcamconsult.syl.activities.SYLHistoryAppointmentsActivity
ADDED from AndroidManifest.xml:103:9
	android:configChanges
		ADDED from AndroidManifest.xml:105:13
	android:theme
		ADDED from AndroidManifest.xml:106:13
	android:name
		ADDED from AndroidManifest.xml:104:13
activity#com.webcamconsult.syl.guidednavigation.SYLGuidedContactsActivity
ADDED from AndroidManifest.xml:107:9
	android:screenOrientation
		ADDED from AndroidManifest.xml:110:13
	android:theme
		ADDED from AndroidManifest.xml:109:13
	android:name
		ADDED from AndroidManifest.xml:108:13
activity#com.webcamconsult.syl.guidednavigation.SYLGuidedAppointmentsListActivity
ADDED from AndroidManifest.xml:111:9
	android:screenOrientation
		ADDED from AndroidManifest.xml:114:13
	android:theme
		ADDED from AndroidManifest.xml:113:13
	android:name
		ADDED from AndroidManifest.xml:112:13
activity#com.webcamconsult.syl.guidednavigation.SYLGuidedNewAppointmentActivity
ADDED from AndroidManifest.xml:116:9
	android:screenOrientation
		ADDED from AndroidManifest.xml:119:13
	android:theme
		ADDED from AndroidManifest.xml:118:13
	android:name
		ADDED from AndroidManifest.xml:117:13
activity#com.webcamconsult.syl.activities.SYLRescheduleappointmentActivity
ADDED from AndroidManifest.xml:120:9
	android:configChanges
		ADDED from AndroidManifest.xml:122:13
	android:theme
		ADDED from AndroidManifest.xml:123:13
	android:name
		ADDED from AndroidManifest.xml:121:13
activity#com.webcamconsult.syl.activities.SYLRequestnewappointmentActivity
ADDED from AndroidManifest.xml:124:9
	android:configChanges
		ADDED from AndroidManifest.xml:126:13
	android:theme
		ADDED from AndroidManifest.xml:127:13
	android:name
		ADDED from AndroidManifest.xml:125:13
activity#com.webcamconsult.syl.activities.SYLOpentokcallSenderActivity
ADDED from AndroidManifest.xml:128:9
	android:configChanges
		ADDED from AndroidManifest.xml:130:13
	android:theme
		ADDED from AndroidManifest.xml:131:13
	android:name
		ADDED from AndroidManifest.xml:129:13
activity#com.webcamconsult.syl.activities.SYLConfirmedRequestAppointmentActivity
ADDED from AndroidManifest.xml:132:9
	android:configChanges
		ADDED from AndroidManifest.xml:134:13
	android:theme
		ADDED from AndroidManifest.xml:135:13
	android:name
		ADDED from AndroidManifest.xml:133:13
activity#com.webcamconsult.syl.activities.SYLTodaysAppointmentDetailActivity
ADDED from AndroidManifest.xml:136:9
	android:configChanges
		ADDED from AndroidManifest.xml:138:13
	android:theme
		ADDED from AndroidManifest.xml:139:13
	android:name
		ADDED from AndroidManifest.xml:137:13
activity#com.webcamconsult.syl.activities.SYLRequestReceivedAppointmentActivity
ADDED from AndroidManifest.xml:140:9
	android:configChanges
		ADDED from AndroidManifest.xml:142:13
	android:theme
		ADDED from AndroidManifest.xml:143:13
	android:name
		ADDED from AndroidManifest.xml:141:13
activity#com.webcamconsult.syl.activities.SYLRequestSendActivity
ADDED from AndroidManifest.xml:144:9
	android:configChanges
		ADDED from AndroidManifest.xml:146:13
	android:theme
		ADDED from AndroidManifest.xml:147:13
	android:name
		ADDED from AndroidManifest.xml:145:13
activity#com.webcamconsult.syl.activities.SYLCaneledRequestDetailedActivity
ADDED from AndroidManifest.xml:148:9
	android:configChanges
		ADDED from AndroidManifest.xml:150:13
	android:theme
		ADDED from AndroidManifest.xml:151:13
	android:name
		ADDED from AndroidManifest.xml:149:13
activity#com.webcamconsult.syl.activities.SYLFinishedAppointmentDetailActivity
ADDED from AndroidManifest.xml:152:9
	android:configChanges
		ADDED from AndroidManifest.xml:154:13
	android:theme
		ADDED from AndroidManifest.xml:155:13
	android:name
		ADDED from AndroidManifest.xml:153:13
activity#com.webcamconsult.syl.opentok.SYLOpentokAcceptRejectActivity
ADDED from AndroidManifest.xml:156:9
	android:screenOrientation
		ADDED from AndroidManifest.xml:158:13
	android:theme
		ADDED from AndroidManifest.xml:159:13
	android:name
		ADDED from AndroidManifest.xml:157:13
activity#com.facebook.FacebookActivity
ADDED from AndroidManifest.xml:160:9
	android:label
		ADDED from AndroidManifest.xml:164:13
	android:configChanges
		ADDED from AndroidManifest.xml:161:13
	android:theme
		ADDED from AndroidManifest.xml:163:13
	android:name
		ADDED from AndroidManifest.xml:160:19
meta-data#com.facebook.sdk.ApplicationId
ADDED from AndroidManifest.xml:166:9
	android:value
		ADDED from AndroidManifest.xml:168:13
	android:name
		ADDED from AndroidManifest.xml:167:13
receiver#com.webcamconsult.syl.gcm.GcmBroadcastReceiver
ADDED from AndroidManifest.xml:170:9
	android:permission
		ADDED from AndroidManifest.xml:172:13
	android:name
		ADDED from AndroidManifest.xml:171:13
intent-filter#com.google.android.c2dm.intent.RECEIVE+com.webcamconsult.syl
ADDED from AndroidManifest.xml:173:13
action#com.google.android.c2dm.intent.RECEIVE
ADDED from AndroidManifest.xml:174:17
	android:name
		ADDED from AndroidManifest.xml:174:25
category#com.webcamconsult.syl
ADDED from AndroidManifest.xml:176:17
	android:name
		ADDED from AndroidManifest.xml:176:27
service#com.webcamconsult.syl.gcm.SYLGCMNotificationIntentService
ADDED from AndroidManifest.xml:180:9
	android:name
		ADDED from AndroidManifest.xml:180:18
activity#com.webcamconsult.syl.opentok.send.UIActivity2
ADDED from AndroidManifest.xml:182:9
	android:configChanges
		ADDED from AndroidManifest.xml:184:13
	android:name
		ADDED from AndroidManifest.xml:183:13
activity#com.webcamconsult.syl.opentok.send.HelloWorldActivitySender
ADDED from AndroidManifest.xml:186:9
	android:screenOrientation
		ADDED from AndroidManifest.xml:189:13
	android:configChanges
		ADDED from AndroidManifest.xml:188:13
	android:theme
		ADDED from AndroidManifest.xml:190:13
	android:name
		ADDED from AndroidManifest.xml:187:13
activity#com.webcamconsult.syl.opentok.send.HelloWorldActivityReceiver
ADDED from AndroidManifest.xml:192:9
	android:screenOrientation
		ADDED from AndroidManifest.xml:195:13
	android:configChanges
		ADDED from AndroidManifest.xml:194:13
	android:theme
		ADDED from AndroidManifest.xml:196:13
	android:name
		ADDED from AndroidManifest.xml:193:13
activity#com.webcamconsult.syl.gcm.NotificationReceiverActivity
ADDED from AndroidManifest.xml:198:9
	android:configChanges
		ADDED from AndroidManifest.xml:200:13
	android:theme
		ADDED from AndroidManifest.xml:202:13
	android:name
		ADDED from AndroidManifest.xml:199:13
activity#com.webcamconsult.syl.opentok.UIActivity
ADDED from AndroidManifest.xml:203:9
	android:configChanges
		ADDED from AndroidManifest.xml:205:13
	android:name
		ADDED from AndroidManifest.xml:204:13
intent-filter#android.intent.category.DEFAULT+com.webcamconsult.syl.activities.SYLRequestSendActivity
ADDED from AndroidManifest.xml:206:13
action#com.webcamconsult.syl.activities.SYLRequestSendActivity
ADDED from AndroidManifest.xml:207:17
	android:name
		ADDED from AndroidManifest.xml:207:25
service#com.webcamconsult.syl.opentok.ClearNotificationService
ADDED from AndroidManifest.xml:213:9
	android:exported
		ADDED from AndroidManifest.xml:215:13
	android:name
		ADDED from AndroidManifest.xml:214:13
intent-filter#com.webcamconsult.syl.opentok.ClearNotificationService
ADDED from AndroidManifest.xml:216:13
	android:label
		ADDED from AndroidManifest.xml:216:28
action#com.webcamconsult.syl.opentok.ClearNotificationService
ADDED from AndroidManifest.xml:217:17
	android:name
		ADDED from AndroidManifest.xml:217:25
receiver#com.webcamconsult.syl.gcm.CallBroadcastReceiver
ADDED from AndroidManifest.xml:221:9
	android:enabled
		ADDED from AndroidManifest.xml:223:13
	android:exported
		ADDED from AndroidManifest.xml:224:13
	android:name
		ADDED from AndroidManifest.xml:222:13
intent-filter#com.webcamconsult.syl.gcm.CallBroadcastReceiver
ADDED from AndroidManifest.xml:225:13
action#com.webcamconsult.syl.gcm.CallBroadcastReceiver
ADDED from AndroidManifest.xml:226:17
	android:name
		ADDED from AndroidManifest.xml:226:25
meta-data#io.fabric.ApiKey
ADDED from AndroidManifest.xml:234:9
	android:value
		ADDED from AndroidManifest.xml:236:13
	android:name
		ADDED from AndroidManifest.xml:235:13